<?xml version="1.0" encoding="UTF-8"?>
<!-- Generated by org.testng.reporters.JUnitXMLReporter -->
<testsuite ignored="0" hostname="Abhishek" failures="2" tests="2" name="Default test" time="4.21" errors="0" timestamp="2024-05-08T13:12:00 IST">
  <testcase classname="io.cucumber.testng.AbstractTestNGCucumberTests" name="runScenario" time="3.062">
    <failure type="java.lang.NullPointerException" message="Cannot invoke &amp;quot;pages.CartPage.isItemAdded()&amp;quot; because &amp;quot;this.cartPage&amp;quot; is null">
      <![CDATA[java.lang.NullPointerException: Cannot invoke "pages.CartPage.isItemAdded()" because "this.cartPage" is null
at stepDefs.OrderStepDef.item_must_be_added(OrderStepDef.java:53)
at ✽.Item must be added(file:///C:/Users/Abhis/eclipse-workspace/BDDPOMDemo/src/test/resources/features/PlaceOrder.feature:11)
]]>
    </failure>
  </testcase> <!-- runScenario -->
  <testcase classname="io.cucumber.testng.AbstractTestNGCucumberTests" name="runScenario" time="0.581">
    <failure type="java.lang.NullPointerException" message="Cannot invoke &amp;quot;pages.CartPage.checkoutItems()&amp;quot; because &amp;quot;this.cartPage&amp;quot; is null">
      <![CDATA[java.lang.NullPointerException: Cannot invoke "pages.CartPage.checkoutItems()" because "this.cartPage" is null
at stepDefs.OrderStepDef.user_do_checkout(OrderStepDef.java:64)
at ✽.User do checkout(file:///C:/Users/Abhis/eclipse-workspace/BDDPOMDemo/src/test/resources/features/PlaceOrder.feature:15)
]]>
    </failure>
  </testcase> <!-- runScenario -->
</testsuite> <!-- Default test -->
